Línea 85: la clase MSHierarchicalFlexGridLib.MSHFlexGrid del control MSHFlexGrid1 no era una clase de control cargada.
Línea 86: el nombre de la propiedad Bindings de MSHFlexGrid1 no es válido.
Línea 92: el nombre de la propiedad _ExtentX de MSHFlexGrid1 no es válido.
Línea 93: el nombre de la propiedad _ExtentY de MSHFlexGrid1 no es válido.
Línea 94: el nombre de la propiedad _Version de MSHFlexGrid1 no es válido.
Línea 95: el nombre de la propiedad Cols de MSHFlexGrid1 no es válido.
Línea 96: el nombre de la propiedad FixedCols de MSHFlexGrid1 no es válido.
Línea 97: el nombre de la propiedad AllowUserResizing de MSHFlexGrid1 no es válido.
Línea 99: el nombre de la propiedad _NumberOfBands de MSHFlexGrid1 no es válido.
Línea 100: el nombre de la propiedad _Band(0).Cols de MSHFlexGrid1 no es válido.
Línea 101: el nombre de la propiedad _Band(0).GridLinesBand de MSHFlexGrid1 no es válido.
Línea 102: el nombre de la propiedad _Band(0).TextStyleBand de MSHFlexGrid1 no es válido.
Línea 103: el nombre de la propiedad _Band(0).TextStyleHeader de MSHFlexGrid1 no es válido.
Línea 104: el nombre de la propiedad _Band(0)._NumMapCols de MSHFlexGrid1 no es válido.
Línea 105: el nombre de la propiedad _Band(0)._MapCol(0)._Name de MSHFlexGrid1 no es válido.
Línea 106: el nombre de la propiedad _Band(0)._MapCol(0)._RSIndex de MSHFlexGrid1 no es válido.
Línea 107: el nombre de la propiedad _Band(0)._MapCol(0)._Alignment de MSHFlexGrid1 no es válido.
Línea 108: el nombre de la propiedad _Band(0)._MapCol(0)._Hidden de MSHFlexGrid1 no es válido.
Línea 109: el nombre de la propiedad _Band(0)._MapCol(1)._Name de MSHFlexGrid1 no es válido.
Línea 110: el nombre de la propiedad _Band(0)._MapCol(1)._RSIndex de MSHFlexGrid1 no es válido.
Línea 111: el nombre de la propiedad _Band(0)._MapCol(2)._Name de MSHFlexGrid1 no es válido.
Línea 112: el nombre de la propiedad _Band(0)._MapCol(2)._RSIndex de MSHFlexGrid1 no es válido.
Línea 113: el nombre de la propiedad _Band(0)._MapCol(2)._Alignment de MSHFlexGrid1 no es válido.
Línea 114: el nombre de la propiedad _Band(0)._MapCol(3)._Name de MSHFlexGrid1 no es válido.
Línea 115: el nombre de la propiedad _Band(0)._MapCol(3)._RSIndex de MSHFlexGrid1 no es válido.
Línea 116: el nombre de la propiedad _Band(0)._MapCol(3)._Alignment de MSHFlexGrid1 no es válido.
Línea 117: el nombre de la propiedad _Band(0)._MapCol(4)._Name de MSHFlexGrid1 no es válido.
Línea 118: el nombre de la propiedad _Band(0)._MapCol(4)._RSIndex de MSHFlexGrid1 no es válido.
Línea 119: el nombre de la propiedad _Band(0)._MapCol(4)._Alignment de MSHFlexGrid1 no es válido.
Línea 120: el nombre de la propiedad _Band(0)._MapCol(5)._Name de MSHFlexGrid1 no es válido.
Línea 121: el nombre de la propiedad _Band(0)._MapCol(5)._RSIndex de MSHFlexGrid1 no es válido.
Línea 122: el nombre de la propiedad _Band(0)._MapCol(6)._Name de MSHFlexGrid1 no es válido.
Línea 123: el nombre de la propiedad _Band(0)._MapCol(6)._RSIndex de MSHFlexGrid1 no es válido.
Línea 124: el nombre de la propiedad _Band(0)._MapCol(6)._Hidden de MSHFlexGrid1 no es válido.
