Línea 34: la clase MSAdodcLib.Adodc del control Adodc2 no era una clase de control cargada.
Línea 80: la clase MSAdodcLib.Adodc del control Adodc1 no era una clase de control cargada.
Línea 198: la clase MSComCtl2.MonthView del control fecha no era una clase de control cargada.
Línea 39: el nombre de la propiedad _ExtentX de Adodc2 no es válido.
Línea 40: el nombre de la propiedad _ExtentY de Adodc2 no es válido.
Línea 41: el nombre de la propiedad ConnectMode de Adodc2 no es válido.
Línea 42: el nombre de la propiedad CursorLocation de Adodc2 no es válido.
Línea 43: el nombre de la propiedad IsolationLevel de Adodc2 no es válido.
Línea 44: el nombre de la propiedad ConnectionTimeout de Adodc2 no es válido.
Línea 45: el nombre de la propiedad CommandTimeout de Adodc2 no es válido.
Línea 46: el nombre de la propiedad CursorType de Adodc2 no es válido.
Línea 47: el nombre de la propiedad LockType de Adodc2 no es válido.
Línea 48: el nombre de la propiedad CommandType de Adodc2 no es válido.
Línea 49: el nombre de la propiedad CursorOptions de Adodc2 no es válido.
Línea 50: el nombre de la propiedad CacheSize de Adodc2 no es válido.
Línea 51: el nombre de la propiedad MaxRecords de Adodc2 no es válido.
Línea 52: el nombre de la propiedad BOFAction de Adodc2 no es válido.
Línea 53: el nombre de la propiedad EOFAction de Adodc2 no es válido.
Línea 54: el nombre de la propiedad ConnectStringType de Adodc2 no es válido.
Línea 58: el nombre de la propiedad Orientation de Adodc2 no es válido.
Línea 60: el nombre de la propiedad Connect de Adodc2 no es válido.
Línea 61: el nombre de la propiedad OLEDBString de Adodc2 no es válido.
Línea 62: el nombre de la propiedad OLEDBFile de Adodc2 no es válido.
Línea 63: el nombre de la propiedad DataSourceName de Adodc2 no es válido.
Línea 64: el nombre de la propiedad OtherAttributes de Adodc2 no es válido.
Línea 65: el nombre de la propiedad UserName de Adodc2 no es válido.
Línea 66: el nombre de la propiedad Password de Adodc2 no es válido.
Línea 67: el nombre de la propiedad RecordSource de Adodc2 no es válido.
Línea 68: el nombre de la propiedad Caption de Adodc2 no es válido.
Línea 78: el nombre de la propiedad _Version de Adodc2 no es válido.
Línea 85: el nombre de la propiedad _ExtentX de Adodc1 no es válido.
Línea 86: el nombre de la propiedad _ExtentY de Adodc1 no es válido.
Línea 87: el nombre de la propiedad ConnectMode de Adodc1 no es válido.
Línea 88: el nombre de la propiedad CursorLocation de Adodc1 no es válido.
Línea 89: el nombre de la propiedad IsolationLevel de Adodc1 no es válido.
Línea 90: el nombre de la propiedad ConnectionTimeout de Adodc1 no es válido.
Línea 91: el nombre de la propiedad CommandTimeout de Adodc1 no es válido.
Línea 92: el nombre de la propiedad CursorType de Adodc1 no es válido.
Línea 93: el nombre de la propiedad LockType de Adodc1 no es válido.
Línea 94: el nombre de la propiedad CommandType de Adodc1 no es válido.
Línea 95: el nombre de la propiedad CursorOptions de Adodc1 no es válido.
Línea 96: el nombre de la propiedad CacheSize de Adodc1 no es válido.
Línea 97: el nombre de la propiedad MaxRecords de Adodc1 no es válido.
Línea 98: el nombre de la propiedad BOFAction de Adodc1 no es válido.
Línea 99: el nombre de la propiedad EOFAction de Adodc1 no es válido.
Línea 100: el nombre de la propiedad ConnectStringType de Adodc1 no es válido.
Línea 104: el nombre de la propiedad Orientation de Adodc1 no es válido.
Línea 106: el nombre de la propiedad Connect de Adodc1 no es válido.
Línea 107: el nombre de la propiedad OLEDBString de Adodc1 no es válido.
Línea 108: el nombre de la propiedad OLEDBFile de Adodc1 no es válido.
Línea 109: el nombre de la propiedad DataSourceName de Adodc1 no es válido.
Línea 110: el nombre de la propiedad OtherAttributes de Adodc1 no es válido.
Línea 111: el nombre de la propiedad UserName de Adodc1 no es válido.
Línea 112: el nombre de la propiedad Password de Adodc1 no es válido.
Línea 113: el nombre de la propiedad RecordSource de Adodc1 no es válido.
Línea 114: el nombre de la propiedad Caption de Adodc1 no es válido.
Línea 124: el nombre de la propiedad _Version de Adodc1 no es válido.
Línea 204: el nombre de la propiedad _ExtentX de fecha no es válido.
Línea 205: el nombre de la propiedad _ExtentY de fecha no es válido.
Línea 206: el nombre de la propiedad _Version de fecha no es válido.
Línea 210: el nombre de la propiedad MonthBackColor de fecha no es válido.
Línea 211: el nombre de la propiedad StartOfWeek de fecha no es válido.
Línea 212: el nombre de la propiedad TitleBackColor de fecha no es válido.
Línea 213: el nombre de la propiedad TitleForeColor de fecha no es válido.
Línea 214: el nombre de la propiedad CurrentDate de fecha no es válido.
